<?xml version="1.0" encoding="UTF-8"?>
<testsuite xmlns:xsi="http://www.w3.org/2001/XMLSchema-instance" xsi:noNamespaceSchemaLocation="https://maven.apache.org/surefire/maven-surefire-plugin/xsd/surefire-test-report-3.0.xsd" version="3.0" name="testRunner.TestRunner" time="115.991" tests="5" errors="0" skipped="0" failures="0">
  <properties>
[...]
</properties>
  <testcase name="Login Data Driven Excel #1" classname="Login Data Driven with Excel" time="23.234">
    <system-out><![CDATA[
@sanity, @regression
Scenario Outline: Login Data Driven Excel                                                      # Features/LoginDDTExcel.feature:12
  Given User Launch browser                                                                    # stepDefinition.steps.user_launch_browser()
  And opens URL "http://localhost/opencart/upload/"                                            # stepDefinition.steps.opens_url(java.lang.String)
  When User navigate to MyAccount menu                                                         # stepDefinition.steps.user_navigate_to_my_account()
  And click on Login                                                                           # stepDefinition.steps.click_on_login()
  Then check User navigates to MyAccount Page by passing Email and Password with excel row "1" # stepDefinition.steps.check_user_navigates_to_my_account_page_by_passing_email_and_password_with_excel_data(java.lang.String)
Scenario status ======>PASSED
]]></system-out>
    <system-err><![CDATA[Oct 02, 2023 11:41:52 PM org.openqa.selenium.remote.service.DriverService$Builder getLogOutput
INFO: Driver logs no longer sent to console by default; https://www.selenium.dev/documentation/webdriver/drivers/service/#setting-log-output
SLF4J: No SLF4J providers were found.
SLF4J: Defaulting to no-operation (NOP) logger implementation
SLF4J: See https://www.slf4j.org/codes.html#noProviders for further details.
Oct 02, 2023 11:42:00 PM org.openqa.selenium.devtools.CdpVersionFinder findNearestMatch
WARNING: Unable to find an exact match for CDP version 117, so returning the closest version found: 114
]]></system-err>
  </testcase>
  <testcase name="Login Data Driven Excel #2" classname="Login Data Driven with Excel" time="24.771">
    <system-out><![CDATA[
@sanity, @regression
Scenario Outline: Login Data Driven Excel                                                      # Features/LoginDDTExcel.feature:13
  Given User Launch browser                                                                    # stepDefinition.steps.user_launch_browser()
  And opens URL "http://localhost/opencart/upload/"                                            # stepDefinition.steps.opens_url(java.lang.String)
  When User navigate to MyAccount menu                                                         # stepDefinition.steps.user_navigate_to_my_account()
  And click on Login                                                                           # stepDefinition.steps.click_on_login()
  Then check User navigates to MyAccount Page by passing Email and Password with excel row "2" # stepDefinition.steps.check_user_navigates_to_my_account_page_by_passing_email_and_password_with_excel_data(java.lang.String)
Scenario status ======>PASSED
]]></system-out>
    <system-err><![CDATA[Oct 02, 2023 11:42:13 PM org.openqa.selenium.remote.service.DriverService$Builder getLogOutput
INFO: Driver logs no longer sent to console by default; https://www.selenium.dev/documentation/webdriver/drivers/service/#setting-log-output
Oct 02, 2023 11:42:18 PM org.openqa.selenium.devtools.CdpVersionFinder findNearestMatch
WARNING: Unable to find an exact match for CDP version 117, so returning the closest version found: 114
]]></system-err>
  </testcase>
  <testcase name="Login Data Driven Excel #3" classname="Login Data Driven with Excel" time="24.874">
    <system-out><![CDATA[
@sanity, @regression
Scenario Outline: Login Data Driven Excel                                                      # Features/LoginDDTExcel.feature:14
  Given User Launch browser                                                                    # stepDefinition.steps.user_launch_browser()
  And opens URL "http://localhost/opencart/upload/"                                            # stepDefinition.steps.opens_url(java.lang.String)
  When User navigate to MyAccount menu                                                         # stepDefinition.steps.user_navigate_to_my_account()
  And click on Login                                                                           # stepDefinition.steps.click_on_login()
  Then check User navigates to MyAccount Page by passing Email and Password with excel row "3" # stepDefinition.steps.check_user_navigates_to_my_account_page_by_passing_email_and_password_with_excel_data(java.lang.String)
Scenario status ======>PASSED
]]></system-out>
    <system-err><![CDATA[Oct 02, 2023 11:42:38 PM org.openqa.selenium.remote.service.DriverService$Builder getLogOutput
INFO: Driver logs no longer sent to console by default; https://www.selenium.dev/documentation/webdriver/drivers/service/#setting-log-output
Oct 02, 2023 11:42:43 PM org.openqa.selenium.devtools.CdpVersionFinder findNearestMatch
WARNING: Unable to find an exact match for CDP version 117, so returning the closest version found: 114
]]></system-err>
  </testcase>
  <testcase name="Login Data Driven Excel #4" classname="Login Data Driven with Excel" time="25.318">
    <system-out><![CDATA[
@sanity, @regression
Scenario Outline: Login Data Driven Excel                                                      # Features/LoginDDTExcel.feature:15
  Given User Launch browser                                                                    # stepDefinition.steps.user_launch_browser()
  And opens URL "http://localhost/opencart/upload/"                                            # stepDefinition.steps.opens_url(java.lang.String)
  When User navigate to MyAccount menu                                                         # stepDefinition.steps.user_navigate_to_my_account()
  And click on Login                                                                           # stepDefinition.steps.click_on_login()
  Then check User navigates to MyAccount Page by passing Email and Password with excel row "4" # stepDefinition.steps.check_user_navigates_to_my_account_page_by_passing_email_and_password_with_excel_data(java.lang.String)
Scenario status ======>PASSED
]]></system-out>
    <system-err><![CDATA[Oct 02, 2023 11:43:03 PM org.openqa.selenium.remote.service.DriverService$Builder getLogOutput
INFO: Driver logs no longer sent to console by default; https://www.selenium.dev/documentation/webdriver/drivers/service/#setting-log-output
Oct 02, 2023 11:43:08 PM org.openqa.selenium.devtools.CdpVersionFinder findNearestMatch
WARNING: Unable to find an exact match for CDP version 117, so returning the closest version found: 114
]]></system-err>
  </testcase>
  <testcase name="Login Data Driven Excel #5" classname="Login Data Driven with Excel" time="15.796">
    <system-out><![CDATA[
@sanity, @regression
Scenario Outline: Login Data Driven Excel                                                      # Features/LoginDDTExcel.feature:16
  Given User Launch browser                                                                    # stepDefinition.steps.user_launch_browser()
  And opens URL "http://localhost/opencart/upload/"                                            # stepDefinition.steps.opens_url(java.lang.String)
  When User navigate to MyAccount menu                                                         # stepDefinition.steps.user_navigate_to_my_account()
  And click on Login                                                                           # stepDefinition.steps.click_on_login()
  Then check User navigates to MyAccount Page by passing Email and Password with excel row "5" # stepDefinition.steps.check_user_navigates_to_my_account_page_by_passing_email_and_password_with_excel_data(java.lang.String)
Scenario status ======>PASSED
]]></system-out>
    <system-err><![CDATA[Oct 02, 2023 11:43:28 PM org.openqa.selenium.remote.service.DriverService$Builder getLogOutput
INFO: Driver logs no longer sent to console by default; https://www.selenium.dev/documentation/webdriver/drivers/service/#setting-log-output
Oct 02, 2023 11:43:33 PM org.openqa.selenium.devtools.CdpVersionFinder findNearestMatch
WARNING: Unable to find an exact match for CDP version 117, so returning the closest version found: 114
]]></system-err>
  </testcase>
</testsuite>